Info    : Check starting.
Info    : App path: "D:/Progetti/OCRA/OCRA-DEV/ocra/devices/apps/ocra-tools/qMiraProbeXMLCheck/build-qMiraProbeXMLCheck-Desktop_Qt_5_12_1_MSVC2017_64bit-Debug/debug/../../"
Info    : Begin reading Exprivia probe configurations
Info    : Reading Exprivia probe configurations done ( 200  found).
Critical: Cannot check Envinet's configuration station file dir 30290: corresponding  Exprivia configuration not found.
Warning : probe  30304  - Wrong "Gateway" , expected:  "10.123.14.1"  got: "10.12.14.1"  (FIXING!)
Warning : probe  30304  - Wrong "Central 0 Repeat Base" , expected:  "60"  got: "300"  (FIXING!)
Warning : probe  30304  - Wrong "Central 0 Repeat On Success" , expected:  "60"  got: "7200"  (FIXING!)
Warning : probe  30304  - Wrong "Central 0 Repeat On Failure" , expected:  "60"  got: "1800"  (FIXING!)
Warning : probe  30392  - Wrong "Central 0 Repeat Base" , expected:  "60"  got: "300"  (FIXING!)
Warning : probe  30392  - Wrong "Central 0 Repeat On Success" , expected:  "60"  got: "7200"  (FIXING!)
Warning : probe  30392  - Wrong "Central 0 Repeat On Failure" , expected:  "60"  got: "1800"  (FIXING!)
Warning : probe  30393  - Wrong "Central 0 Repeat Base" , expected:  "60"  got: "300"  (FIXING!)
Warning : probe  30393  - Wrong "Central 0 Repeat On Success" , expected:  "60"  got: "7200"  (FIXING!)
Warning : probe  30393  - Wrong "Central 0 Repeat On Failure" , expected:  "60"  got: "1800"  (FIXING!)
Warning : probe  30395  - Wrong "Central 0 Repeat Base" , expected:  "60"  got: "300"  (FIXING!)
Warning : probe  30395  - Wrong "Central 0 Repeat On Success" , expected:  "60"  got: "7200"  (FIXING!)
Warning : probe  30395  - Wrong "Central 0 Repeat On Failure" , expected:  "60"  got: "1800"  (FIXING!)
Critical: Cannot check Envinet's configuration station file dir 30396: corresponding  Exprivia configuration not found.
Warning : probe  30398  - Wrong "Central 0 Repeat Base" , expected:  "60"  got: "300"  (FIXING!)
Warning : probe  30398  - Wrong "Central 0 Repeat On Success" , expected:  "60"  got: "7200"  (FIXING!)
Warning : probe  30398  - Wrong "Central 0 Repeat On Failure" , expected:  "60"  got: "1800"  (FIXING!)
Warning : probe  30404  - Wrong "Central 0 Repeat Base" , expected:  "60"  got: "300"  (FIXING!)
Warning : probe  30404  - Wrong "Central 0 Repeat On Success" , expected:  "60"  got: "7200"  (FIXING!)
Warning : probe  30404  - Wrong "Central 0 Repeat On Failure" , expected:  "60"  got: "1800"  (FIXING!)
Warning : probe  30416  - Wrong "Central 0 Repeat Base" , expected:  "60"  got: "300"  (FIXING!)
Warning : probe  30416  - Wrong "Central 0 Repeat On Success" , expected:  "60"  got: "7200"  (FIXING!)
Warning : probe  30416  - Wrong "Central 0 Repeat On Failure" , expected:  "60"  got: "1800"  (FIXING!)
Warning : probe  30418  - Wrong "Central 0 Repeat Base" , expected:  "60"  got: "300"  (FIXING!)
Warning : probe  30418  - Wrong "Central 0 Repeat On Success" , expected:  "60"  got: "7200"  (FIXING!)
Warning : probe  30418  - Wrong "Central 0 Repeat On Failure" , expected:  "60"  got: "1800"  (FIXING!)
Warning : probe  30419  - Wrong "Central 0 Repeat Base" , expected:  "60"  got: "300"  (FIXING!)
Warning : probe  30419  - Wrong "Central 0 Repeat On Success" , expected:  "60"  got: "7200"  (FIXING!)
Warning : probe  30419  - Wrong "Central 0 Repeat On Failure" , expected:  "60"  got: "1800"  (FIXING!)
Warning : probe  30428  - Wrong "Central 0 Repeat Base" , expected:  "60"  got: "300"  (FIXING!)
Warning : probe  30428  - Wrong "Central 0 Repeat On Success" , expected:  "60"  got: "7200"  (FIXING!)
Warning : probe  30428  - Wrong "Central 0 Repeat On Failure" , expected:  "60"  got: "1800"  (FIXING!)
Warning : probe  30432  - Wrong "Central 0 Repeat Base" , expected:  "60"  got: "300"  (FIXING!)
Warning : probe  30432  - Wrong "Central 0 Repeat On Success" , expected:  "60"  got: "7200"  (FIXING!)
Warning : probe  30432  - Wrong "Central 0 Repeat On Failure" , expected:  "60"  got: "1800"  (FIXING!)
Warning : probe  30433  - Wrong "Central 0 Repeat Base" , expected:  "60"  got: "300"  (FIXING!)
Warning : probe  30433  - Wrong "Central 0 Repeat On Success" , expected:  "60"  got: "7200"  (FIXING!)
Warning : probe  30433  - Wrong "Central 0 Repeat On Failure" , expected:  "60"  got: "1800"  (FIXING!)
Warning : probe  30441  - Wrong "Central 0 Repeat Base" , expected:  "60"  got: "300"  (FIXING!)
Warning : probe  30441  - Wrong "Central 0 Repeat On Success" , expected:  "60"  got: "7200"  (FIXING!)
Warning : probe  30441  - Wrong "Central 0 Repeat On Failure" , expected:  "60"  got: "1800"  (FIXING!)
Warning : probe  30442  - Wrong "Central 0 Repeat Base" , expected:  "60"  got: "300"  (FIXING!)
Warning : probe  30442  - Wrong "Central 0 Repeat On Success" , expected:  "60"  got: "7200"  (FIXING!)
Warning : probe  30442  - Wrong "Central 0 Repeat On Failure" , expected:  "60"  got: "1800"  (FIXING!)
Warning : probe  30443  - Wrong "Central 0 Repeat Base" , expected:  "60"  got: "300"  (FIXING!)
Warning : probe  30443  - Wrong "Central 0 Repeat On Success" , expected:  "60"  got: "7200"  (FIXING!)
Warning : probe  30443  - Wrong "Central 0 Repeat On Failure" , expected:  "60"  got: "1800"  (FIXING!)
Warning : probe  30444  - Wrong "Central 0 Repeat Base" , expected:  "60"  got: "300"  (FIXING!)
Warning : probe  30444  - Wrong "Central 0 Repeat On Success" , expected:  "60"  got: "7200"  (FIXING!)
Warning : probe  30444  - Wrong "Central 0 Repeat On Failure" , expected:  "60"  got: "1800"  (FIXING!)
Warning : probe  30445  - Wrong "Central 0 Repeat Base" , expected:  "60"  got: "300"  (FIXING!)
Warning : probe  30445  - Wrong "Central 0 Repeat On Success" , expected:  "60"  got: "7200"  (FIXING!)
Warning : probe  30445  - Wrong "Central 0 Repeat On Failure" , expected:  "60"  got: "1800"  (FIXING!)
Warning : probe  30446  - Wrong "Central 0 Repeat Base" , expected:  "60"  got: "300"  (FIXING!)
Warning : probe  30446  - Wrong "Central 0 Repeat On Success" , expected:  "60"  got: "7200"  (FIXING!)
Warning : probe  30446  - Wrong "Central 0 Repeat On Failure" , expected:  "60"  got: "1800"  (FIXING!)
Warning : probe  30447  - Wrong "Central 0 Repeat Base" , expected:  "60"  got: "300"  (FIXING!)
Warning : probe  30447  - Wrong "Central 0 Repeat On Success" , expected:  "60"  got: "7200"  (FIXING!)
Warning : probe  30447  - Wrong "Central 0 Repeat On Failure" , expected:  "60"  got: "1800"  (FIXING!)
Warning : probe  30448  - Wrong "Central 0 Repeat Base" , expected:  "60"  got: "300"  (FIXING!)
Warning : probe  30448  - Wrong "Central 0 Repeat On Success" , expected:  "60"  got: "7200"  (FIXING!)
Warning : probe  30448  - Wrong "Central 0 Repeat On Failure" , expected:  "60"  got: "1800"  (FIXING!)
Warning : probe  30449  - Wrong "Central 0 Repeat Base" , expected:  "60"  got: "300"  (FIXING!)
Warning : probe  30449  - Wrong "Central 0 Repeat On Success" , expected:  "60"  got: "7200"  (FIXING!)
Warning : probe  30449  - Wrong "Central 0 Repeat On Failure" , expected:  "60"  got: "1800"  (FIXING!)
Warning : probe  30450  - Wrong "Central 0 Repeat Base" , expected:  "60"  got: "300"  (FIXING!)
Warning : probe  30450  - Wrong "Central 0 Repeat On Success" , expected:  "60"  got: "7200"  (FIXING!)
Warning : probe  30450  - Wrong "Central 0 Repeat On Failure" , expected:  "60"  got: "1800"  (FIXING!)
Warning : probe  30451  - Wrong "Central 0 Repeat Base" , expected:  "60"  got: "300"  (FIXING!)
Warning : probe  30451  - Wrong "Central 0 Repeat On Success" , expected:  "60"  got: "7200"  (FIXING!)
Warning : probe  30451  - Wrong "Central 0 Repeat On Failure" , expected:  "60"  got: "1800"  (FIXING!)
Warning : probe  30452  - Wrong "Central 0 Repeat Base" , expected:  "60"  got: "300"  (FIXING!)
Warning : probe  30452  - Wrong "Central 0 Repeat On Success" , expected:  "60"  got: "7200"  (FIXING!)
Warning : probe  30452  - Wrong "Central 0 Repeat On Failure" , expected:  "60"  got: "1800"  (FIXING!)
Warning : probe  30453  - Wrong "Central 0 Repeat Base" , expected:  "60"  got: "300"  (FIXING!)
Warning : probe  30453  - Wrong "Central 0 Repeat On Success" , expected:  "60"  got: "7200"  (FIXING!)
Warning : probe  30453  - Wrong "Central 0 Repeat On Failure" , expected:  "60"  got: "1800"  (FIXING!)
Warning : probe  30454  - Wrong "Central 0 Repeat Base" , expected:  "60"  got: "300"  (FIXING!)
Warning : probe  30454  - Wrong "Central 0 Repeat On Success" , expected:  "60"  got: "7200"  (FIXING!)
Warning : probe  30454  - Wrong "Central 0 Repeat On Failure" , expected:  "60"  got: "1800"  (FIXING!)
Warning : probe  30455  - Wrong "Central 0 Repeat Base" , expected:  "60"  got: "300"  (FIXING!)
Warning : probe  30455  - Wrong "Central 0 Repeat On Success" , expected:  "60"  got: "7200"  (FIXING!)
Warning : probe  30455  - Wrong "Central 0 Repeat On Failure" , expected:  "60"  got: "1800"  (FIXING!)
Warning : probe  30456  - Wrong "Ip Address" , expected:  "192.168.2.80"  got: "10.0.1.22"  (FIXING!)
Warning : probe  30456  - Wrong "Gateway" , expected:  "192.168.0.1"  got: "10.0.0.1"  (FIXING!)
Warning : probe  30456  - Wrong "Central 0 Repeat Base" , expected:  "60"  got: "300"  (FIXING!)
Warning : probe  30456  - Wrong "Central 0 Repeat On Success" , expected:  "60"  got: "7200"  (FIXING!)
Warning : probe  30456  - Wrong "Central 0 Repeat On Failure" , expected:  "60"  got: "1800"  (FIXING!)
Warning : probe  30457  - Wrong "Central 0 Repeat Base" , expected:  "60"  got: "300"  (FIXING!)
Warning : probe  30457  - Wrong "Central 0 Repeat On Success" , expected:  "60"  got: "7200"  (FIXING!)
Warning : probe  30457  - Wrong "Central 0 Repeat On Failure" , expected:  "60"  got: "1800"  (FIXING!)
Warning : probe  30458  - Wrong "Central 0 Repeat Base" , expected:  "60"  got: "300"  (FIXING!)
Warning : probe  30458  - Wrong "Central 0 Repeat On Success" , expected:  "60"  got: "7200"  (FIXING!)
Warning : probe  30458  - Wrong "Central 0 Repeat On Failure" , expected:  "60"  got: "1800"  (FIXING!)
Warning : probe  30459  - Wrong "Central 0 Repeat Base" , expected:  "60"  got: "300"  (FIXING!)
Warning : probe  30459  - Wrong "Central 0 Repeat On Success" , expected:  "60"  got: "7200"  (FIXING!)
Warning : probe  30459  - Wrong "Central 0 Repeat On Failure" , expected:  "60"  got: "1800"  (FIXING!)
Warning : probe  30460  - Wrong "Central 0 Repeat Base" , expected:  "60"  got: "300"  (FIXING!)
Warning : probe  30460  - Wrong "Central 0 Repeat On Success" , expected:  "60"  got: "7200"  (FIXING!)
Warning : probe  30460  - Wrong "Central 0 Repeat On Failure" , expected:  "60"  got: "1800"  (FIXING!)
Warning : probe  30461  - Wrong "Central 0 Repeat Base" , expected:  "60"  got: "300"  (FIXING!)
Warning : probe  30461  - Wrong "Central 0 Repeat On Success" , expected:  "60"  got: "7200"  (FIXING!)
Warning : probe  30461  - Wrong "Central 0 Repeat On Failure" , expected:  "60"  got: "1800"  (FIXING!)
Warning : probe  30462  - Wrong "Central 0 Repeat Base" , expected:  "60"  got: "300"  (FIXING!)
Warning : probe  30462  - Wrong "Central 0 Repeat On Success" , expected:  "60"  got: "7200"  (FIXING!)
Warning : probe  30462  - Wrong "Central 0 Repeat On Failure" , expected:  "60"  got: "1800"  (FIXING!)
Warning : probe  30463  - Wrong "Central 0 Repeat Base" , expected:  "60"  got: "300"  (FIXING!)
Warning : probe  30463  - Wrong "Central 0 Repeat On Success" , expected:  "60"  got: "7200"  (FIXING!)
Warning : probe  30463  - Wrong "Central 0 Repeat On Failure" , expected:  "60"  got: "1800"  (FIXING!)
Warning : probe  30464  - Wrong "Central 0 Repeat Base" , expected:  "60"  got: "300"  (FIXING!)
Warning : probe  30464  - Wrong "Central 0 Repeat On Success" , expected:  "60"  got: "7200"  (FIXING!)
Warning : probe  30464  - Wrong "Central 0 Repeat On Failure" , expected:  "60"  got: "1800"  (FIXING!)
Warning : probe  30465  - Wrong "Central 0 Repeat Base" , expected:  "60"  got: "300"  (FIXING!)
Warning : probe  30465  - Wrong "Central 0 Repeat On Success" , expected:  "60"  got: "7200"  (FIXING!)
Warning : probe  30465  - Wrong "Central 0 Repeat On Failure" , expected:  "60"  got: "1800"  (FIXING!)
Warning : probe  30466  - Wrong "Central 0 Repeat Base" , expected:  "60"  got: "300"  (FIXING!)
Warning : probe  30466  - Wrong "Central 0 Repeat On Success" , expected:  "60"  got: "7200"  (FIXING!)
Warning : probe  30466  - Wrong "Central 0 Repeat On Failure" , expected:  "60"  got: "1800"  (FIXING!)
Warning : probe  30467  - Wrong "Central 0 Repeat Base" , expected:  "60"  got: "300"  (FIXING!)
Warning : probe  30467  - Wrong "Central 0 Repeat On Success" , expected:  "60"  got: "7200"  (FIXING!)
Warning : probe  30467  - Wrong "Central 0 Repeat On Failure" , expected:  "60"  got: "1800"  (FIXING!)
Warning : probe  30468  - Wrong "Central 0 Repeat Base" , expected:  "60"  got: "300"  (FIXING!)
Warning : probe  30468  - Wrong "Central 0 Repeat On Success" , expected:  "60"  got: "7200"  (FIXING!)
Warning : probe  30468  - Wrong "Central 0 Repeat On Failure" , expected:  "60"  got: "1800"  (FIXING!)
Warning : probe  30469  - Wrong "Central 0 Repeat Base" , expected:  "60"  got: "300"  (FIXING!)
Warning : probe  30469  - Wrong "Central 0 Repeat On Success" , expected:  "60"  got: "7200"  (FIXING!)
Warning : probe  30469  - Wrong "Central 0 Repeat On Failure" , expected:  "60"  got: "1800"  (FIXING!)
Warning : probe  30470  - Wrong "Central 0 Repeat Base" , expected:  "60"  got: "300"  (FIXING!)
Warning : probe  30470  - Wrong "Central 0 Repeat On Success" , expected:  "60"  got: "7200"  (FIXING!)
Warning : probe  30470  - Wrong "Central 0 Repeat On Failure" , expected:  "60"  got: "1800"  (FIXING!)
Warning : probe  30471  - Wrong "Central 0 Repeat Base" , expected:  "60"  got: "300"  (FIXING!)
Warning : probe  30471  - Wrong "Central 0 Repeat On Success" , expected:  "60"  got: "7200"  (FIXING!)
Warning : probe  30471  - Wrong "Central 0 Repeat On Failure" , expected:  "60"  got: "1800"  (FIXING!)
Warning : probe  30472  - Wrong "Central 0 Repeat Base" , expected:  "60"  got: "300"  (FIXING!)
Warning : probe  30472  - Wrong "Central 0 Repeat On Success" , expected:  "60"  got: "7200"  (FIXING!)
Warning : probe  30472  - Wrong "Central 0 Repeat On Failure" , expected:  "60"  got: "1800"  (FIXING!)
Warning : probe  30473  - Wrong "Central 0 Repeat Base" , expected:  "60"  got: "300"  (FIXING!)
Warning : probe  30473  - Wrong "Central 0 Repeat On Success" , expected:  "60"  got: "7200"  (FIXING!)
Warning : probe  30473  - Wrong "Central 0 Repeat On Failure" , expected:  "60"  got: "1800"  (FIXING!)
Warning : probe  30474  - Wrong "Central 0 Repeat Base" , expected:  "60"  got: "300"  (FIXING!)
Warning : probe  30474  - Wrong "Central 0 Repeat On Success" , expected:  "60"  got: "7200"  (FIXING!)
Warning : probe  30474  - Wrong "Central 0 Repeat On Failure" , expected:  "60"  got: "1800"  (FIXING!)
Warning : probe  30475  - Wrong "Central 0 Repeat Base" , expected:  "60"  got: "300"  (FIXING!)
Warning : probe  30475  - Wrong "Central 0 Repeat On Success" , expected:  "60"  got: "7200"  (FIXING!)
Warning : probe  30475  - Wrong "Central 0 Repeat On Failure" , expected:  "60"  got: "1800"  (FIXING!)
Warning : probe  30476  - Wrong "Central 0 Repeat Base" , expected:  "60"  got: "300"  (FIXING!)
Warning : probe  30476  - Wrong "Central 0 Repeat On Success" , expected:  "60"  got: "7200"  (FIXING!)
Warning : probe  30476  - Wrong "Central 0 Repeat On Failure" , expected:  "60"  got: "1800"  (FIXING!)
Warning : probe  30477  - Wrong "Central 0 Repeat Base" , expected:  "60"  got: "300"  (FIXING!)
Warning : probe  30477  - Wrong "Central 0 Repeat On Success" , expected:  "60"  got: "7200"  (FIXING!)
Warning : probe  30477  - Wrong "Central 0 Repeat On Failure" , expected:  "60"  got: "1800"  (FIXING!)
Warning : probe  30478  - Wrong "Central 0 Repeat Base" , expected:  "60"  got: "300"  (FIXING!)
Warning : probe  30478  - Wrong "Central 0 Repeat On Success" , expected:  "60"  got: "7200"  (FIXING!)
Warning : probe  30478  - Wrong "Central 0 Repeat On Failure" , expected:  "60"  got: "1800"  (FIXING!)
Warning : probe  30479  - Wrong "Central 0 Repeat Base" , expected:  "60"  got: "300"  (FIXING!)
Warning : probe  30479  - Wrong "Central 0 Repeat On Success" , expected:  "60"  got: "7200"  (FIXING!)
Warning : probe  30479  - Wrong "Central 0 Repeat On Failure" , expected:  "60"  got: "1800"  (FIXING!)
Warning : probe  30480  - Wrong "Central 0 Repeat Base" , expected:  "60"  got: "300"  (FIXING!)
Warning : probe  30480  - Wrong "Central 0 Repeat On Success" , expected:  "60"  got: "7200"  (FIXING!)
Warning : probe  30480  - Wrong "Central 0 Repeat On Failure" , expected:  "60"  got: "1800"  (FIXING!)
Warning : probe  30481  - Wrong "Central 0 Repeat Base" , expected:  "60"  got: "300"  (FIXING!)
Warning : probe  30481  - Wrong "Central 0 Repeat On Success" , expected:  "60"  got: "7200"  (FIXING!)
Warning : probe  30481  - Wrong "Central 0 Repeat On Failure" , expected:  "60"  got: "1800"  (FIXING!)
Warning : probe  30482  - Wrong "Central 0 Repeat Base" , expected:  "60"  got: "300"  (FIXING!)
Warning : probe  30482  - Wrong "Central 0 Repeat On Success" , expected:  "60"  got: "7200"  (FIXING!)
Warning : probe  30482  - Wrong "Central 0 Repeat On Failure" , expected:  "60"  got: "1800"  (FIXING!)
Warning : probe  30483  - Wrong "Central 0 Repeat Base" , expected:  "60"  got: "300"  (FIXING!)
Warning : probe  30483  - Wrong "Central 0 Repeat On Success" , expected:  "60"  got: "7200"  (FIXING!)
Warning : probe  30483  - Wrong "Central 0 Repeat On Failure" , expected:  "60"  got: "1800"  (FIXING!)
Warning : probe  30484  - Wrong "Central 0 Repeat Base" , expected:  "60"  got: "300"  (FIXING!)
Warning : probe  30484  - Wrong "Central 0 Repeat On Success" , expected:  "60"  got: "7200"  (FIXING!)
Warning : probe  30484  - Wrong "Central 0 Repeat On Failure" , expected:  "60"  got: "1800"  (FIXING!)
Warning : probe  30485  - Wrong "Central 0 Repeat Base" , expected:  "60"  got: "300"  (FIXING!)
Warning : probe  30485  - Wrong "Central 0 Repeat On Success" , expected:  "60"  got: "7200"  (FIXING!)
Warning : probe  30485  - Wrong "Central 0 Repeat On Failure" , expected:  "60"  got: "1800"  (FIXING!)
Warning : probe  30486  - Wrong "Central 0 Repeat Base" , expected:  "60"  got: "300"  (FIXING!)
Warning : probe  30486  - Wrong "Central 0 Repeat On Success" , expected:  "60"  got: "7200"  (FIXING!)
Warning : probe  30486  - Wrong "Central 0 Repeat On Failure" , expected:  "60"  got: "1800"  (FIXING!)
Warning : probe  30487  - Wrong "Central 0 Repeat Base" , expected:  "60"  got: "300"  (FIXING!)
Warning : probe  30487  - Wrong "Central 0 Repeat On Success" , expected:  "60"  got: "7200"  (FIXING!)
Warning : probe  30487  - Wrong "Central 0 Repeat On Failure" , expected:  "60"  got: "1800"  (FIXING!)
Warning : probe  30488  - Wrong "Central 0 Repeat Base" , expected:  "60"  got: "300"  (FIXING!)
Warning : probe  30488  - Wrong "Central 0 Repeat On Success" , expected:  "60"  got: "7200"  (FIXING!)
Warning : probe  30488  - Wrong "Central 0 Repeat On Failure" , expected:  "60"  got: "1800"  (FIXING!)
Critical: Cannot check Envinet's configuration station file dir 30489: corresponding  Exprivia configuration not found.
Warning : probe  30490  - Wrong "Central 0 Repeat Base" , expected:  "60"  got: "300"  (FIXING!)
Warning : probe  30490  - Wrong "Central 0 Repeat On Success" , expected:  "60"  got: "7200"  (FIXING!)
Warning : probe  30490  - Wrong "Central 0 Repeat On Failure" , expected:  "60"  got: "1800"  (FIXING!)
Warning : probe  30491  - Wrong "Ip Address" , expected:  "192.168.2.80"  got: "10.139.50.80"  (FIXING!)
Warning : probe  30491  - Wrong "Subnet Mask" , expected:  "255.255.0.0"  got: "255.255.254.0"  (FIXING!)
Warning : probe  30491  - Wrong "Gateway" , expected:  "192.168.0.1"  got: "10.139.50.1"  (FIXING!)
Warning : probe  30491  - Wrong "Central 0 Repeat Base" , expected:  "60"  got: "300"  (FIXING!)
Warning : probe  30491  - Wrong "Central 0 Repeat On Success" , expected:  "60"  got: "7200"  (FIXING!)
Warning : probe  30491  - Wrong "Central 0 Repeat On Failure" , expected:  "60"  got: "1800"  (FIXING!)
Warning : probe  30492  - Wrong "Central 0 Repeat Base" , expected:  "60"  got: "300"  (FIXING!)
Warning : probe  30492  - Wrong "Central 0 Repeat On Success" , expected:  "60"  got: "7200"  (FIXING!)
Warning : probe  30492  - Wrong "Central 0 Repeat On Failure" , expected:  "60"  got: "1800"  (FIXING!)
Warning : probe  30493  - Wrong "Central 0 Repeat Base" , expected:  "60"  got: "300"  (FIXING!)
Warning : probe  30493  - Wrong "Central 0 Repeat On Success" , expected:  "60"  got: "7200"  (FIXING!)
Warning : probe  30493  - Wrong "Central 0 Repeat On Failure" , expected:  "60"  got: "1800"  (FIXING!)
Warning : probe  30494  - Wrong "Central 0 Repeat Base" , expected:  "60"  got: "300"  (FIXING!)
Warning : probe  30494  - Wrong "Central 0 Repeat On Success" , expected:  "60"  got: "7200"  (FIXING!)
Warning : probe  30494  - Wrong "Central 0 Repeat On Failure" , expected:  "60"  got: "1800"  (FIXING!)
Warning : probe  30497  - Wrong "Central 0 Repeat Base" , expected:  "60"  got: "300"  (FIXING!)
Warning : probe  30497  - Wrong "Central 0 Repeat On Success" , expected:  "60"  got: "7200"  (FIXING!)
Warning : probe  30497  - Wrong "Central 0 Repeat On Failure" , expected:  "60"  got: "1800"  (FIXING!)
Warning : probe  30498  - Wrong "Central 0 Repeat Base" , expected:  "60"  got: "300"  (FIXING!)
Warning : probe  30498  - Wrong "Central 0 Repeat On Success" , expected:  "60"  got: "7200"  (FIXING!)
Warning : probe  30498  - Wrong "Central 0 Repeat On Failure" , expected:  "60"  got: "1800"  (FIXING!)
Warning : probe  30499  - Wrong "Central 0 Repeat Base" , expected:  "60"  got: "300"  (FIXING!)
Warning : probe  30499  - Wrong "Central 0 Repeat On Success" , expected:  "60"  got: "7200"  (FIXING!)
Warning : probe  30499  - Wrong "Central 0 Repeat On Failure" , expected:  "60"  got: "1800"  (FIXING!)
Warning : probe  30500  - Wrong "Central 0 Repeat Base" , expected:  "60"  got: "300"  (FIXING!)
Warning : probe  30500  - Wrong "Central 0 Repeat On Success" , expected:  "60"  got: "7200"  (FIXING!)
Warning : probe  30500  - Wrong "Central 0 Repeat On Failure" , expected:  "60"  got: "1800"  (FIXING!)
Warning : probe  30501  - Wrong "Central 0 Repeat Base" , expected:  "60"  got: "300"  (FIXING!)
Warning : probe  30501  - Wrong "Central 0 Repeat On Success" , expected:  "60"  got: "7200"  (FIXING!)
Warning : probe  30501  - Wrong "Central 0 Repeat On Failure" , expected:  "60"  got: "1800"  (FIXING!)
Warning : probe  30502  - Wrong "Central 0 Repeat Base" , expected:  "60"  got: "300"  (FIXING!)
Warning : probe  30502  - Wrong "Central 0 Repeat On Success" , expected:  "60"  got: "7200"  (FIXING!)
Warning : probe  30502  - Wrong "Central 0 Repeat On Failure" , expected:  "60"  got: "1800"  (FIXING!)
Warning : probe  30503  - Wrong "Central 0 Repeat Base" , expected:  "60"  got: "300"  (FIXING!)
Warning : probe  30503  - Wrong "Central 0 Repeat On Success" , expected:  "60"  got: "7200"  (FIXING!)
Warning : probe  30503  - Wrong "Central 0 Repeat On Failure" , expected:  "60"  got: "1800"  (FIXING!)
Warning : probe  30504  - Wrong "Central 0 Repeat Base" , expected:  "60"  got: "300"  (FIXING!)
Warning : probe  30504  - Wrong "Central 0 Repeat On Success" , expected:  "60"  got: "7200"  (FIXING!)
Warning : probe  30504  - Wrong "Central 0 Repeat On Failure" , expected:  "60"  got: "1800"  (FIXING!)
Warning : probe  30505  - Wrong "Central 0 Repeat Base" , expected:  "60"  got: "300"  (FIXING!)
Warning : probe  30505  - Wrong "Central 0 Repeat On Success" , expected:  "60"  got: "7200"  (FIXING!)
Warning : probe  30505  - Wrong "Central 0 Repeat On Failure" , expected:  "60"  got: "1800"  (FIXING!)
Warning : probe  30506  - Wrong "Central 0 Repeat Base" , expected:  "60"  got: "300"  (FIXING!)
Warning : probe  30506  - Wrong "Central 0 Repeat On Success" , expected:  "60"  got: "7200"  (FIXING!)
Warning : probe  30506  - Wrong "Central 0 Repeat On Failure" , expected:  "60"  got: "1800"  (FIXING!)
Warning : probe  30507  - Wrong "Central 0 Repeat Base" , expected:  "60"  got: "300"  (FIXING!)
Warning : probe  30507  - Wrong "Central 0 Repeat On Success" , expected:  "60"  got: "7200"  (FIXING!)
Warning : probe  30507  - Wrong "Central 0 Repeat On Failure" , expected:  "60"  got: "1800"  (FIXING!)
Warning : probe  30508  - Wrong "Central 0 Repeat Base" , expected:  "60"  got: "300"  (FIXING!)
Warning : probe  30508  - Wrong "Central 0 Repeat On Success" , expected:  "60"  got: "7200"  (FIXING!)
Warning : probe  30508  - Wrong "Central 0 Repeat On Failure" , expected:  "60"  got: "1800"  (FIXING!)
Warning : probe  30509  - Wrong "Central 0 Repeat Base" , expected:  "60"  got: "300"  (FIXING!)
Warning : probe  30509  - Wrong "Central 0 Repeat On Success" , expected:  "60"  got: "7200"  (FIXING!)
Warning : probe  30509  - Wrong "Central 0 Repeat On Failure" , expected:  "60"  got: "1800"  (FIXING!)
Warning : probe  30511  - Wrong "Central 0 Repeat Base" , expected:  "60"  got: "300"  (FIXING!)
Warning : probe  30511  - Wrong "Central 0 Repeat On Success" , expected:  "60"  got: "7200"  (FIXING!)
Warning : probe  30511  - Wrong "Central 0 Repeat On Failure" , expected:  "60"  got: "1800"  (FIXING!)
Warning : probe  30512  - Wrong "Central 0 Repeat Base" , expected:  "60"  got: "300"  (FIXING!)
Warning : probe  30512  - Wrong "Central 0 Repeat On Success" , expected:  "60"  got: "7200"  (FIXING!)
Warning : probe  30512  - Wrong "Central 0 Repeat On Failure" , expected:  "60"  got: "1800"  (FIXING!)
Warning : probe  30513  - Wrong "Central 0 Repeat Base" , expected:  "60"  got: "300"  (FIXING!)
Warning : probe  30513  - Wrong "Central 0 Repeat On Success" , expected:  "60"  got: "7200"  (FIXING!)
Warning : probe  30513  - Wrong "Central 0 Repeat On Failure" , expected:  "60"  got: "1800"  (FIXING!)
Warning : probe  30514  - Wrong "Central 0 Repeat Base" , expected:  "60"  got: "300"  (FIXING!)
Warning : probe  30514  - Wrong "Central 0 Repeat On Success" , expected:  "60"  got: "7200"  (FIXING!)
Warning : probe  30514  - Wrong "Central 0 Repeat On Failure" , expected:  "60"  got: "1800"  (FIXING!)
Warning : probe  30515  - Wrong "Central 0 Repeat Base" , expected:  "60"  got: "300"  (FIXING!)
Warning : probe  30515  - Wrong "Central 0 Repeat On Success" , expected:  "60"  got: "7200"  (FIXING!)
Warning : probe  30515  - Wrong "Central 0 Repeat On Failure" , expected:  "60"  got: "1800"  (FIXING!)
Warning : probe  30516  - Wrong "Central 0 Repeat Base" , expected:  "60"  got: "300"  (FIXING!)
Warning : probe  30516  - Wrong "Central 0 Repeat On Success" , expected:  "60"  got: "7200"  (FIXING!)
Warning : probe  30516  - Wrong "Central 0 Repeat On Failure" , expected:  "60"  got: "1800"  (FIXING!)
Warning : probe  30517  - Wrong "Central 0 Repeat Base" , expected:  "60"  got: "300"  (FIXING!)
Warning : probe  30517  - Wrong "Central 0 Repeat On Success" , expected:  "60"  got: "7200"  (FIXING!)
Warning : probe  30517  - Wrong "Central 0 Repeat On Failure" , expected:  "60"  got: "1800"  (FIXING!)
Warning : probe  30518  - Wrong "Central 0 Repeat Base" , expected:  "60"  got: "300"  (FIXING!)
Warning : probe  30518  - Wrong "Central 0 Repeat On Success" , expected:  "60"  got: "7200"  (FIXING!)
Warning : probe  30518  - Wrong "Central 0 Repeat On Failure" , expected:  "60"  got: "1800"  (FIXING!)
Warning : probe  30519  - Wrong "Central 0 Repeat Base" , expected:  "60"  got: "300"  (FIXING!)
Warning : probe  30519  - Wrong "Central 0 Repeat On Success" , expected:  "60"  got: "7200"  (FIXING!)
Warning : probe  30519  - Wrong "Central 0 Repeat On Failure" , expected:  "60"  got: "1800"  (FIXING!)
Warning : probe  30520  - Wrong "Central 0 Repeat Base" , expected:  "60"  got: "300"  (FIXING!)
Warning : probe  30520  - Wrong "Central 0 Repeat On Success" , expected:  "60"  got: "7200"  (FIXING!)
Warning : probe  30520  - Wrong "Central 0 Repeat On Failure" , expected:  "60"  got: "1800"  (FIXING!)
Warning : probe  30521  - Wrong "Central 0 Repeat Base" , expected:  "60"  got: "300"  (FIXING!)
Warning : probe  30521  - Wrong "Central 0 Repeat On Success" , expected:  "60"  got: "7200"  (FIXING!)
Warning : probe  30521  - Wrong "Central 0 Repeat On Failure" , expected:  "60"  got: "1800"  (FIXING!)
Warning : probe  30523  - Wrong "Central 0 Repeat Base" , expected:  "60"  got: "300"  (FIXING!)
Warning : probe  30523  - Wrong "Central 0 Repeat On Success" , expected:  "60"  got: "7200"  (FIXING!)
Warning : probe  30523  - Wrong "Central 0 Repeat On Failure" , expected:  "60"  got: "1800"  (FIXING!)
Warning : probe  30524  - Wrong "Central 0 Repeat Base" , expected:  "60"  got: "300"  (FIXING!)
Warning : probe  30524  - Wrong "Central 0 Repeat On Success" , expected:  "60"  got: "7200"  (FIXING!)
Warning : probe  30524  - Wrong "Central 0 Repeat On Failure" , expected:  "60"  got: "1800"  (FIXING!)
Warning : probe  30525  - Wrong "Central 0 Repeat Base" , expected:  "60"  got: "300"  (FIXING!)
Warning : probe  30525  - Wrong "Central 0 Repeat On Success" , expected:  "60"  got: "7200"  (FIXING!)
Warning : probe  30525  - Wrong "Central 0 Repeat On Failure" , expected:  "60"  got: "1800"  (FIXING!)
Warning : probe  30526  - Wrong "Central 0 Repeat Base" , expected:  "60"  got: "300"  (FIXING!)
Warning : probe  30526  - Wrong "Central 0 Repeat On Success" , expected:  "60"  got: "7200"  (FIXING!)
Warning : probe  30526  - Wrong "Central 0 Repeat On Failure" , expected:  "60"  got: "1800"  (FIXING!)
Warning : probe  30527  - Wrong "Central 0 Repeat Base" , expected:  "60"  got: "300"  (FIXING!)
Warning : probe  30527  - Wrong "Central 0 Repeat On Success" , expected:  "60"  got: "7200"  (FIXING!)
Warning : probe  30527  - Wrong "Central 0 Repeat On Failure" , expected:  "60"  got: "1800"  (FIXING!)
Warning : probe  30528  - Wrong "Central 0 Repeat Base" , expected:  "60"  got: "300"  (FIXING!)
Warning : probe  30528  - Wrong "Central 0 Repeat On Success" , expected:  "60"  got: "7200"  (FIXING!)
Warning : probe  30528  - Wrong "Central 0 Repeat On Failure" , expected:  "60"  got: "1800"  (FIXING!)
Warning : probe  30529  - Wrong "Central 0 Repeat Base" , expected:  "60"  got: "300"  (FIXING!)
Warning : probe  30529  - Wrong "Central 0 Repeat On Success" , expected:  "60"  got: "7200"  (FIXING!)
Warning : probe  30529  - Wrong "Central 0 Repeat On Failure" , expected:  "60"  got: "1800"  (FIXING!)
Warning : probe  30530  - Wrong "Central 0 Repeat Base" , expected:  "60"  got: "300"  (FIXING!)
Warning : probe  30530  - Wrong "Central 0 Repeat On Success" , expected:  "60"  got: "7200"  (FIXING!)
Warning : probe  30530  - Wrong "Central 0 Repeat On Failure" , expected:  "60"  got: "1800"  (FIXING!)
Warning : probe  30531  - Wrong "Central 0 Repeat Base" , expected:  "60"  got: "300"  (FIXING!)
Warning : probe  30531  - Wrong "Central 0 Repeat On Success" , expected:  "60"  got: "7200"  (FIXING!)
Warning : probe  30531  - Wrong "Central 0 Repeat On Failure" , expected:  "60"  got: "1800"  (FIXING!)
Warning : probe  30535  - Wrong "Central 0 Repeat Base" , expected:  "60"  got: "300"  (FIXING!)
Warning : probe  30535  - Wrong "Central 0 Repeat On Success" , expected:  "60"  got: "7200"  (FIXING!)
Warning : probe  30535  - Wrong "Central 0 Repeat On Failure" , expected:  "60"  got: "1800"  (FIXING!)
Warning : probe  30536  - Wrong "Central 0 Repeat Base" , expected:  "60"  got: "300"  (FIXING!)
Warning : probe  30536  - Wrong "Central 0 Repeat On Success" , expected:  "60"  got: "7200"  (FIXING!)
Warning : probe  30536  - Wrong "Central 0 Repeat On Failure" , expected:  "60"  got: "1800"  (FIXING!)
Warning : probe  30539  - Wrong "Central 0 Repeat Base" , expected:  "60"  got: "300"  (FIXING!)
Warning : probe  30539  - Wrong "Central 0 Repeat On Success" , expected:  "60"  got: "7200"  (FIXING!)
Warning : probe  30539  - Wrong "Central 0 Repeat On Failure" , expected:  "60"  got: "1800"  (FIXING!)
Warning : probe  30540  - Wrong "Central 0 Repeat Base" , expected:  "60"  got: "300"  (FIXING!)
Warning : probe  30540  - Wrong "Central 0 Repeat On Success" , expected:  "60"  got: "7200"  (FIXING!)
Warning : probe  30540  - Wrong "Central 0 Repeat On Failure" , expected:  "60"  got: "1800"  (FIXING!)
Warning : probe  30541  - Wrong "Central 0 Repeat Base" , expected:  "60"  got: "300"  (FIXING!)
Warning : probe  30541  - Wrong "Central 0 Repeat On Success" , expected:  "60"  got: "7200"  (FIXING!)
Warning : probe  30541  - Wrong "Central 0 Repeat On Failure" , expected:  "60"  got: "1800"  (FIXING!)
Warning : probe  30542  - Wrong "Central 0 Repeat Base" , expected:  "60"  got: "300"  (FIXING!)
Warning : probe  30542  - Wrong "Central 0 Repeat On Success" , expected:  "60"  got: "7200"  (FIXING!)
Warning : probe  30542  - Wrong "Central 0 Repeat On Failure" , expected:  "60"  got: "1800"  (FIXING!)
Warning : probe  30544  - Wrong "Central 0 Repeat Base" , expected:  "60"  got: "300"  (FIXING!)
Warning : probe  30544  - Wrong "Central 0 Repeat On Success" , expected:  "60"  got: "7200"  (FIXING!)
Warning : probe  30544  - Wrong "Central 0 Repeat On Failure" , expected:  "60"  got: "1800"  (FIXING!)
Warning : probe  30545  - Wrong "Central 0 Repeat Base" , expected:  "60"  got: "300"  (FIXING!)
Warning : probe  30545  - Wrong "Central 0 Repeat On Success" , expected:  "60"  got: "7200"  (FIXING!)
Warning : probe  30545  - Wrong "Central 0 Repeat On Failure" , expected:  "60"  got: "1800"  (FIXING!)
Warning : probe  30546  - Wrong "Central 0 Repeat Base" , expected:  "60"  got: "300"  (FIXING!)
Warning : probe  30546  - Wrong "Central 0 Repeat On Success" , expected:  "60"  got: "7200"  (FIXING!)
Warning : probe  30546  - Wrong "Central 0 Repeat On Failure" , expected:  "60"  got: "1800"  (FIXING!)
Warning : probe  30547  - Wrong "Central 0 Repeat Base" , expected:  "60"  got: "300"  (FIXING!)
Warning : probe  30547  - Wrong "Central 0 Repeat On Success" , expected:  "60"  got: "7200"  (FIXING!)
Warning : probe  30547  - Wrong "Central 0 Repeat On Failure" , expected:  "60"  got: "1800"  (FIXING!)
Warning : probe  30548  - Wrong "Central 0 Repeat Base" , expected:  "60"  got: "300"  (FIXING!)
Warning : probe  30548  - Wrong "Central 0 Repeat On Success" , expected:  "60"  got: "7200"  (FIXING!)
Warning : probe  30548  - Wrong "Central 0 Repeat On Failure" , expected:  "60"  got: "1800"  (FIXING!)
Warning : probe  30549  - Wrong "Central 0 Repeat Base" , expected:  "60"  got: "300"  (FIXING!)
Warning : probe  30549  - Wrong "Central 0 Repeat On Success" , expected:  "60"  got: "7200"  (FIXING!)
Warning : probe  30549  - Wrong "Central 0 Repeat On Failure" , expected:  "60"  got: "1800"  (FIXING!)
Warning : probe  30550  - Wrong "Central 0 Repeat Base" , expected:  "60"  got: "300"  (FIXING!)
Warning : probe  30550  - Wrong "Central 0 Repeat On Success" , expected:  "60"  got: "7200"  (FIXING!)
Warning : probe  30550  - Wrong "Central 0 Repeat On Failure" , expected:  "60"  got: "1800"  (FIXING!)
Warning : probe  30551  - Wrong "Central 0 Repeat Base" , expected:  "60"  got: "300"  (FIXING!)
Warning : probe  30551  - Wrong "Central 0 Repeat On Success" , expected:  "60"  got: "7200"  (FIXING!)
Warning : probe  30551  - Wrong "Central 0 Repeat On Failure" , expected:  "60"  got: "1800"  (FIXING!)
Warning : probe  30554  - Wrong "Central 0 Repeat Base" , expected:  "60"  got: "300"  (FIXING!)
Warning : probe  30554  - Wrong "Central 0 Repeat On Success" , expected:  "60"  got: "7200"  (FIXING!)
Warning : probe  30554  - Wrong "Central 0 Repeat On Failure" , expected:  "60"  got: "1800"  (FIXING!)
Warning : probe  30555  - Wrong "Central 0 Repeat Base" , expected:  "60"  got: "300"  (FIXING!)
Warning : probe  30555  - Wrong "Central 0 Repeat On Success" , expected:  "60"  got: "7200"  (FIXING!)
Warning : probe  30555  - Wrong "Central 0 Repeat On Failure" , expected:  "60"  got: "1800"  (FIXING!)
Warning : probe  30556  - Wrong "Central 0 Repeat Base" , expected:  "60"  got: "300"  (FIXING!)
Warning : probe  30556  - Wrong "Central 0 Repeat On Success" , expected:  "60"  got: "7200"  (FIXING!)
Warning : probe  30556  - Wrong "Central 0 Repeat On Failure" , expected:  "60"  got: "1800"  (FIXING!)
Warning : probe  30557  - Wrong "Central 0 Repeat Base" , expected:  "60"  got: "300"  (FIXING!)
Warning : probe  30557  - Wrong "Central 0 Repeat On Success" , expected:  "60"  got: "7200"  (FIXING!)
Warning : probe  30557  - Wrong "Central 0 Repeat On Failure" , expected:  "60"  got: "1800"  (FIXING!)
Warning : probe  30558  - Wrong "Central 0 Repeat Base" , expected:  "60"  got: "300"  (FIXING!)
Warning : probe  30558  - Wrong "Central 0 Repeat On Success" , expected:  "60"  got: "7200"  (FIXING!)
Warning : probe  30558  - Wrong "Central 0 Repeat On Failure" , expected:  "60"  got: "1800"  (FIXING!)
Warning : probe  30559  - Wrong "Central 0 Repeat Base" , expected:  "60"  got: "300"  (FIXING!)
Warning : probe  30559  - Wrong "Central 0 Repeat On Success" , expected:  "60"  got: "7200"  (FIXING!)
Warning : probe  30559  - Wrong "Central 0 Repeat On Failure" , expected:  "60"  got: "1800"  (FIXING!)
Warning : probe  30560  - Wrong "Central 0 Repeat Base" , expected:  "60"  got: "300"  (FIXING!)
Warning : probe  30560  - Wrong "Central 0 Repeat On Success" , expected:  "60"  got: "7200"  (FIXING!)
Warning : probe  30560  - Wrong "Central 0 Repeat On Failure" , expected:  "60"  got: "1800"  (FIXING!)
Warning : probe  30561  - Wrong "Central 0 Repeat Base" , expected:  "60"  got: "300"  (FIXING!)
Warning : probe  30561  - Wrong "Central 0 Repeat On Success" , expected:  "60"  got: "7200"  (FIXING!)
Warning : probe  30561  - Wrong "Central 0 Repeat On Failure" , expected:  "60"  got: "1800"  (FIXING!)
Warning : probe  30562  - Wrong "Central 0 Repeat Base" , expected:  "60"  got: "300"  (FIXING!)
Warning : probe  30562  - Wrong "Central 0 Repeat On Success" , expected:  "60"  got: "7200"  (FIXING!)
Warning : probe  30562  - Wrong "Central 0 Repeat On Failure" , expected:  "60"  got: "1800"  (FIXING!)
Warning : probe  30563  - Wrong "Central 0 Repeat Base" , expected:  "60"  got: "300"  (FIXING!)
Warning : probe  30563  - Wrong "Central 0 Repeat On Success" , expected:  "60"  got: "7200"  (FIXING!)
Warning : probe  30563  - Wrong "Central 0 Repeat On Failure" , expected:  "60"  got: "1800"  (FIXING!)
Warning : probe  30564  - Wrong "Central 0 Repeat Base" , expected:  "60"  got: "300"  (FIXING!)
Warning : probe  30564  - Wrong "Central 0 Repeat On Success" , expected:  "60"  got: "7200"  (FIXING!)
Warning : probe  30564  - Wrong "Central 0 Repeat On Failure" , expected:  "60"  got: "1800"  (FIXING!)
Warning : probe  30565  - Wrong "Central 0 Repeat Base" , expected:  "60"  got: "300"  (FIXING!)
Warning : probe  30565  - Wrong "Central 0 Repeat On Success" , expected:  "60"  got: "7200"  (FIXING!)
Warning : probe  30565  - Wrong "Central 0 Repeat On Failure" , expected:  "60"  got: "1800"  (FIXING!)
Warning : probe  30566  - Wrong "Central 0 Repeat Base" , expected:  "60"  got: "300"  (FIXING!)
Warning : probe  30566  - Wrong "Central 0 Repeat On Success" , expected:  "60"  got: "7200"  (FIXING!)
Warning : probe  30566  - Wrong "Central 0 Repeat On Failure" , expected:  "60"  got: "1800"  (FIXING!)
Warning : probe  30570  - Wrong "Central 0 Repeat Base" , expected:  "60"  got: "300"  (FIXING!)
Warning : probe  30570  - Wrong "Central 0 Repeat On Success" , expected:  "60"  got: "7200"  (FIXING!)
Warning : probe  30570  - Wrong "Central 0 Repeat On Failure" , expected:  "60"  got: "1800"  (FIXING!)
Warning : probe  30573  - Wrong "Central 0 Repeat Base" , expected:  "60"  got: "300"  (FIXING!)
Warning : probe  30573  - Wrong "Central 0 Repeat On Success" , expected:  "60"  got: "7200"  (FIXING!)
Warning : probe  30573  - Wrong "Central 0 Repeat On Failure" , expected:  "60"  got: "1800"  (FIXING!)
Warning : probe  30580  - Wrong "Central 0 Repeat Base" , expected:  "60"  got: "300"  (FIXING!)
Warning : probe  30580  - Wrong "Central 0 Repeat On Success" , expected:  "60"  got: "7200"  (FIXING!)
Warning : probe  30580  - Wrong "Central 0 Repeat On Failure" , expected:  "60"  got: "1800"  (FIXING!)
Warning : probe  30581  - Wrong "Central 0 Repeat Base" , expected:  "60"  got: "300"  (FIXING!)
Warning : probe  30581  - Wrong "Central 0 Repeat On Success" , expected:  "60"  got: "7200"  (FIXING!)
Warning : probe  30581  - Wrong "Central 0 Repeat On Failure" , expected:  "60"  got: "1800"  (FIXING!)
Warning : probe  30582  - Wrong "Central 0 Repeat Base" , expected:  "60"  got: "300"  (FIXING!)
Warning : probe  30582  - Wrong "Central 0 Repeat On Success" , expected:  "60"  got: "7200"  (FIXING!)
Warning : probe  30582  - Wrong "Central 0 Repeat On Failure" , expected:  "60"  got: "1800"  (FIXING!)
Warning : probe  30583  - Wrong "Central 0 Repeat Base" , expected:  "60"  got: "300"  (FIXING!)
Warning : probe  30583  - Wrong "Central 0 Repeat On Success" , expected:  "60"  got: "7200"  (FIXING!)
Warning : probe  30583  - Wrong "Central 0 Repeat On Failure" , expected:  "60"  got: "1800"  (FIXING!)
Warning : probe  30585  - Wrong "Central 0 Repeat Base" , expected:  "60"  got: "300"  (FIXING!)
Warning : probe  30585  - Wrong "Central 0 Repeat On Success" , expected:  "60"  got: "7200"  (FIXING!)
Warning : probe  30585  - Wrong "Central 0 Repeat On Failure" , expected:  "60"  got: "1800"  (FIXING!)
Warning : probe  30586  - Wrong "Central 0 Repeat Base" , expected:  "60"  got: "300"  (FIXING!)
Warning : probe  30586  - Wrong "Central 0 Repeat On Success" , expected:  "60"  got: "7200"  (FIXING!)
Warning : probe  30586  - Wrong "Central 0 Repeat On Failure" , expected:  "60"  got: "1800"  (FIXING!)
Warning : probe  30587  - Wrong "Central 0 Repeat Base" , expected:  "60"  got: "300"  (FIXING!)
Warning : probe  30587  - Wrong "Central 0 Repeat On Success" , expected:  "60"  got: "7200"  (FIXING!)
Warning : probe  30587  - Wrong "Central 0 Repeat On Failure" , expected:  "60"  got: "1800"  (FIXING!)
Warning : probe  30588  - Wrong "Central 0 Repeat Base" , expected:  "60"  got: "300"  (FIXING!)
Warning : probe  30588  - Wrong "Central 0 Repeat On Success" , expected:  "60"  got: "7200"  (FIXING!)
Warning : probe  30588  - Wrong "Central 0 Repeat On Failure" , expected:  "60"  got: "1800"  (FIXING!)
Warning : probe  30590  - Wrong "Central 0 Repeat Base" , expected:  "60"  got: "300"  (FIXING!)
Warning : probe  30590  - Wrong "Central 0 Repeat On Success" , expected:  "60"  got: "7200"  (FIXING!)
Warning : probe  30590  - Wrong "Central 0 Repeat On Failure" , expected:  "60"  got: "1800"  (FIXING!)
Warning : probe  30591  - Wrong "Central 0 Repeat Base" , expected:  "60"  got: "300"  (FIXING!)
Warning : probe  30591  - Wrong "Central 0 Repeat On Success" , expected:  "60"  got: "7200"  (FIXING!)
Warning : probe  30591  - Wrong "Central 0 Repeat On Failure" , expected:  "60"  got: "1800"  (FIXING!)
Warning : probe  30592  - Wrong "Central 0 Repeat Base" , expected:  "60"  got: "300"  (FIXING!)
Warning : probe  30592  - Wrong "Central 0 Repeat On Success" , expected:  "60"  got: "7200"  (FIXING!)
Warning : probe  30592  - Wrong "Central 0 Repeat On Failure" , expected:  "60"  got: "1800"  (FIXING!)
Warning : probe  30593  - Wrong "Central 0 Repeat Base" , expected:  "60"  got: "300"  (FIXING!)
Warning : probe  30593  - Wrong "Central 0 Repeat On Success" , expected:  "60"  got: "7200"  (FIXING!)
Warning : probe  30593  - Wrong "Central 0 Repeat On Failure" , expected:  "60"  got: "1800"  (FIXING!)
Warning : probe  30594  - Wrong "Central 0 Repeat Base" , expected:  "60"  got: "300"  (FIXING!)
Warning : probe  30594  - Wrong "Central 0 Repeat On Success" , expected:  "60"  got: "7200"  (FIXING!)
Warning : probe  30594  - Wrong "Central 0 Repeat On Failure" , expected:  "60"  got: "1800"  (FIXING!)
Warning : probe  30595  - Wrong "Central 0 Repeat Base" , expected:  "60"  got: "300"  (FIXING!)
Warning : probe  30595  - Wrong "Central 0 Repeat On Success" , expected:  "60"  got: "7200"  (FIXING!)
Warning : probe  30595  - Wrong "Central 0 Repeat On Failure" , expected:  "60"  got: "1800"  (FIXING!)
Warning : probe  30597  - Wrong "Central 0 Repeat Base" , expected:  "60"  got: "300"  (FIXING!)
Warning : probe  30597  - Wrong "Central 0 Repeat On Success" , expected:  "60"  got: "7200"  (FIXING!)
Warning : probe  30597  - Wrong "Central 0 Repeat On Failure" , expected:  "60"  got: "1800"  (FIXING!)
Warning : probe  30598  - Wrong "Central 0 Repeat Base" , expected:  "60"  got: "300"  (FIXING!)
Warning : probe  30598  - Wrong "Central 0 Repeat On Success" , expected:  "60"  got: "7200"  (FIXING!)
Warning : probe  30598  - Wrong "Central 0 Repeat On Failure" , expected:  "60"  got: "1800"  (FIXING!)
Warning : probe  30599  - Wrong "Central 0 Repeat Base" , expected:  "60"  got: "300"  (FIXING!)
Warning : probe  30599  - Wrong "Central 0 Repeat On Success" , expected:  "60"  got: "7200"  (FIXING!)
Warning : probe  30599  - Wrong "Central 0 Repeat On Failure" , expected:  "60"  got: "1800"  (FIXING!)
Warning : probe  30600  - Wrong "Central 0 Repeat Base" , expected:  "60"  got: "300"  (FIXING!)
Warning : probe  30600  - Wrong "Central 0 Repeat On Success" , expected:  "60"  got: "7200"  (FIXING!)
Warning : probe  30600  - Wrong "Central 0 Repeat On Failure" , expected:  "60"  got: "1800"  (FIXING!)
Warning : probe  30601  - Wrong "Central 0 Repeat Base" , expected:  "60"  got: "300"  (FIXING!)
Warning : probe  30601  - Wrong "Central 0 Repeat On Success" , expected:  "60"  got: "7200"  (FIXING!)
Warning : probe  30601  - Wrong "Central 0 Repeat On Failure" , expected:  "60"  got: "1800"  (FIXING!)
Warning : probe  30602  - Wrong "Central 0 Repeat Base" , expected:  "60"  got: "300"  (FIXING!)
Warning : probe  30602  - Wrong "Central 0 Repeat On Success" , expected:  "60"  got: "7200"  (FIXING!)
Warning : probe  30602  - Wrong "Central 0 Repeat On Failure" , expected:  "60"  got: "1800"  (FIXING!)
Warning : probe  30604  - Wrong "Central 0 Repeat Base" , expected:  "60"  got: "300"  (FIXING!)
Warning : probe  30604  - Wrong "Central 0 Repeat On Success" , expected:  "60"  got: "7200"  (FIXING!)
Warning : probe  30604  - Wrong "Central 0 Repeat On Failure" , expected:  "60"  got: "1800"  (FIXING!)
Warning : probe  30606  - Wrong "Central 0 Repeat Base" , expected:  "60"  got: "300"  (FIXING!)
Warning : probe  30606  - Wrong "Central 0 Repeat On Success" , expected:  "60"  got: "7200"  (FIXING!)
Warning : probe  30606  - Wrong "Central 0 Repeat On Failure" , expected:  "60"  got: "1800"  (FIXING!)
Warning : probe  30608  - Wrong "Central 0 Repeat Base" , expected:  "60"  got: "300"  (FIXING!)
Warning : probe  30608  - Wrong "Central 0 Repeat On Success" , expected:  "60"  got: "7200"  (FIXING!)
Warning : probe  30608  - Wrong "Central 0 Repeat On Failure" , expected:  "60"  got: "1800"  (FIXING!)
Warning : probe  30609  - Wrong "Central 0 Repeat Base" , expected:  "60"  got: "300"  (FIXING!)
Warning : probe  30609  - Wrong "Central 0 Repeat On Success" , expected:  "60"  got: "7200"  (FIXING!)
Warning : probe  30609  - Wrong "Central 0 Repeat On Failure" , expected:  "60"  got: "1800"  (FIXING!)
Warning : probe  30610  - Wrong "Central 0 Repeat Base" , expected:  "60"  got: "300"  (FIXING!)
Warning : probe  30610  - Wrong "Central 0 Repeat On Success" , expected:  "60"  got: "7200"  (FIXING!)
Warning : probe  30610  - Wrong "Central 0 Repeat On Failure" , expected:  "60"  got: "1800"  (FIXING!)
Warning : probe  30611  - Wrong "Central 0 Repeat Base" , expected:  "60"  got: "300"  (FIXING!)
Warning : probe  30611  - Wrong "Central 0 Repeat On Success" , expected:  "60"  got: "7200"  (FIXING!)
Warning : probe  30611  - Wrong "Central 0 Repeat On Failure" , expected:  "60"  got: "1800"  (FIXING!)
Warning : probe  30612  - Wrong "Central 0 Repeat Base" , expected:  "60"  got: "300"  (FIXING!)
Warning : probe  30612  - Wrong "Central 0 Repeat On Success" , expected:  "60"  got: "7200"  (FIXING!)
Warning : probe  30612  - Wrong "Central 0 Repeat On Failure" , expected:  "60"  got: "1800"  (FIXING!)
Warning : probe  30614  - Wrong "Central 0 Repeat Base" , expected:  "60"  got: "300"  (FIXING!)
Warning : probe  30614  - Wrong "Central 0 Repeat On Success" , expected:  "60"  got: "7200"  (FIXING!)
Warning : probe  30614  - Wrong "Central 0 Repeat On Failure" , expected:  "60"  got: "1800"  (FIXING!)
Warning : probe  30615  - Wrong "Central 0 Repeat Base" , expected:  "60"  got: "300"  (FIXING!)
Warning : probe  30615  - Wrong "Central 0 Repeat On Success" , expected:  "60"  got: "7200"  (FIXING!)
Warning : probe  30615  - Wrong "Central 0 Repeat On Failure" , expected:  "60"  got: "1800"  (FIXING!)
Warning : probe  30616  - Wrong "Central 0 Repeat Base" , expected:  "60"  got: "300"  (FIXING!)
Warning : probe  30616  - Wrong "Central 0 Repeat On Success" , expected:  "60"  got: "7200"  (FIXING!)
Warning : probe  30616  - Wrong "Central 0 Repeat On Failure" , expected:  "60"  got: "1800"  (FIXING!)
Warning : probe  30617  - Wrong "Central 0 Repeat Base" , expected:  "60"  got: "300"  (FIXING!)
Warning : probe  30617  - Wrong "Central 0 Repeat On Success" , expected:  "60"  got: "7200"  (FIXING!)
Warning : probe  30617  - Wrong "Central 0 Repeat On Failure" , expected:  "60"  got: "1800"  (FIXING!)
Warning : probe  30618  - Wrong "Central 0 Repeat Base" , expected:  "60"  got: "300"  (FIXING!)
Warning : probe  30618  - Wrong "Central 0 Repeat On Success" , expected:  "60"  got: "7200"  (FIXING!)
Warning : probe  30618  - Wrong "Central 0 Repeat On Failure" , expected:  "60"  got: "1800"  (FIXING!)
Warning : probe  30619  - Wrong "Central 0 Repeat Base" , expected:  "60"  got: "300"  (FIXING!)
Warning : probe  30619  - Wrong "Central 0 Repeat On Success" , expected:  "60"  got: "7200"  (FIXING!)
Warning : probe  30619  - Wrong "Central 0 Repeat On Failure" , expected:  "60"  got: "1800"  (FIXING!)
Warning : probe  30620  - Wrong "Central 0 Repeat Base" , expected:  "60"  got: "300"  (FIXING!)
Warning : probe  30620  - Wrong "Central 0 Repeat On Success" , expected:  "60"  got: "7200"  (FIXING!)
Warning : probe  30620  - Wrong "Central 0 Repeat On Failure" , expected:  "60"  got: "1800"  (FIXING!)
Warning : probe  30622  - Wrong "Central 0 Repeat Base" , expected:  "60"  got: "300"  (FIXING!)
Warning : probe  30622  - Wrong "Central 0 Repeat On Success" , expected:  "60"  got: "7200"  (FIXING!)
Warning : probe  30622  - Wrong "Central 0 Repeat On Failure" , expected:  "60"  got: "1800"  (FIXING!)
Warning : probe  30623  - Wrong "Central 0 Repeat Base" , expected:  "60"  got: "300"  (FIXING!)
Warning : probe  30623  - Wrong "Central 0 Repeat On Success" , expected:  "60"  got: "7200"  (FIXING!)
Warning : probe  30623  - Wrong "Central 0 Repeat On Failure" , expected:  "60"  got: "1800"  (FIXING!)
Warning : probe  30624  - Wrong "Central 0 Repeat Base" , expected:  "60"  got: "300"  (FIXING!)
Warning : probe  30624  - Wrong "Central 0 Repeat On Success" , expected:  "60"  got: "7200"  (FIXING!)
Warning : probe  30624  - Wrong "Central 0 Repeat On Failure" , expected:  "60"  got: "1800"  (FIXING!)
Warning : probe  30625  - Wrong "Central 0 Repeat Base" , expected:  "60"  got: "300"  (FIXING!)
Warning : probe  30625  - Wrong "Central 0 Repeat On Success" , expected:  "60"  got: "7200"  (FIXING!)
Warning : probe  30625  - Wrong "Central 0 Repeat On Failure" , expected:  "60"  got: "1800"  (FIXING!)
Warning : probe  30626  - Wrong "Central 0 Repeat Base" , expected:  "60"  got: "300"  (FIXING!)
Warning : probe  30626  - Wrong "Central 0 Repeat On Success" , expected:  "60"  got: "7200"  (FIXING!)
Warning : probe  30626  - Wrong "Central 0 Repeat On Failure" , expected:  "60"  got: "1800"  (FIXING!)
Warning : probe  30627  - Wrong "Central 0 Repeat Base" , expected:  "60"  got: "300"  (FIXING!)
Warning : probe  30627  - Wrong "Central 0 Repeat On Success" , expected:  "60"  got: "7200"  (FIXING!)
Warning : probe  30627  - Wrong "Central 0 Repeat On Failure" , expected:  "60"  got: "1800"  (FIXING!)
Warning : probe  30628  - Wrong "Central 0 Repeat Base" , expected:  "60"  got: "300"  (FIXING!)
Warning : probe  30628  - Wrong "Central 0 Repeat On Success" , expected:  "60"  got: "7200"  (FIXING!)
Warning : probe  30628  - Wrong "Central 0 Repeat On Failure" , expected:  "60"  got: "1800"  (FIXING!)
Warning : probe  30629  - Wrong "Central 0 Repeat Base" , expected:  "60"  got: "300"  (FIXING!)
Warning : probe  30629  - Wrong "Central 0 Repeat On Success" , expected:  "60"  got: "7200"  (FIXING!)
Warning : probe  30629  - Wrong "Central 0 Repeat On Failure" , expected:  "60"  got: "1800"  (FIXING!)
Warning : probe  30630  - Wrong "Central 0 Repeat Base" , expected:  "60"  got: "300"  (FIXING!)
Warning : probe  30630  - Wrong "Central 0 Repeat On Success" , expected:  "60"  got: "7200"  (FIXING!)
Warning : probe  30630  - Wrong "Central 0 Repeat On Failure" , expected:  "60"  got: "1800"  (FIXING!)
Warning : probe  30631  - Wrong "Central 0 Repeat Base" , expected:  "60"  got: "300"  (FIXING!)
Warning : probe  30631  - Wrong "Central 0 Repeat On Success" , expected:  "60"  got: "7200"  (FIXING!)
Warning : probe  30631  - Wrong "Central 0 Repeat On Failure" , expected:  "60"  got: "1800"  (FIXING!)
Warning : probe  30632  - Wrong "Central 0 Repeat Base" , expected:  "60"  got: "300"  (FIXING!)
Warning : probe  30632  - Wrong "Central 0 Repeat On Success" , expected:  "60"  got: "7200"  (FIXING!)
Warning : probe  30632  - Wrong "Central 0 Repeat On Failure" , expected:  "60"  got: "1800"  (FIXING!)
Warning : probe  30633  - Wrong "Central 0 Repeat Base" , expected:  "60"  got: "300"  (FIXING!)
Warning : probe  30633  - Wrong "Central 0 Repeat On Success" , expected:  "60"  got: "7200"  (FIXING!)
Warning : probe  30633  - Wrong "Central 0 Repeat On Failure" , expected:  "60"  got: "1800"  (FIXING!)
Warning : probe  30634  - Wrong "Central 0 Repeat Base" , expected:  "60"  got: "300"  (FIXING!)
Warning : probe  30634  - Wrong "Central 0 Repeat On Success" , expected:  "60"  got: "7200"  (FIXING!)
Warning : probe  30634  - Wrong "Central 0 Repeat On Failure" , expected:  "60"  got: "1800"  (FIXING!)
Critical: Cannot check Envinet's configuration station file dir 30636: corresponding  Exprivia configuration not found.
Warning : probe  30637  - Wrong "Central 0 Repeat Base" , expected:  "60"  got: "300"  (FIXING!)
Warning : probe  30637  - Wrong "Central 0 Repeat On Success" , expected:  "60"  got: "7200"  (FIXING!)
Warning : probe  30637  - Wrong "Central 0 Repeat On Failure" , expected:  "60"  got: "1800"  (FIXING!)
Warning : probe  30638  - Wrong "Central 0 Repeat Base" , expected:  "60"  got: "300"  (FIXING!)
Warning : probe  30638  - Wrong "Central 0 Repeat On Success" , expected:  "60"  got: "7200"  (FIXING!)
Warning : probe  30638  - Wrong "Central 0 Repeat On Failure" , expected:  "60"  got: "1800"  (FIXING!)
Warning : probe  30639  - Wrong "Central 0 Repeat Base" , expected:  "60"  got: "300"  (FIXING!)
Warning : probe  30639  - Wrong "Central 0 Repeat On Success" , expected:  "60"  got: "7200"  (FIXING!)
Warning : probe  30639  - Wrong "Central 0 Repeat On Failure" , expected:  "60"  got: "1800"  (FIXING!)
Warning : probe  30640  - Wrong "Central 0 Repeat Base" , expected:  "60"  got: "300"  (FIXING!)
Warning : probe  30640  - Wrong "Central 0 Repeat On Success" , expected:  "60"  got: "7200"  (FIXING!)
Warning : probe  30640  - Wrong "Central 0 Repeat On Failure" , expected:  "60"  got: "1800"  (FIXING!)
Critical: Cannot check Envinet's configuration station file dir 30641: corresponding  Exprivia configuration not found.
Warning : probe  30643  - Wrong "Central 0 Repeat Base" , expected:  "60"  got: "300"  (FIXING!)
Warning : probe  30643  - Wrong "Central 0 Repeat On Success" , expected:  "60"  got: "7200"  (FIXING!)
Warning : probe  30643  - Wrong "Central 0 Repeat On Failure" , expected:  "60"  got: "1800"  (FIXING!)
Warning : probe  30644  - Wrong "Central 0 Repeat Base" , expected:  "60"  got: "300"  (FIXING!)
Warning : probe  30644  - Wrong "Central 0 Repeat On Success" , expected:  "60"  got: "7200"  (FIXING!)
Warning : probe  30644  - Wrong "Central 0 Repeat On Failure" , expected:  "60"  got: "1800"  (FIXING!)
Warning : probe  30645  - Wrong "Central 0 Repeat Base" , expected:  "60"  got: "300"  (FIXING!)
Warning : probe  30645  - Wrong "Central 0 Repeat On Success" , expected:  "60"  got: "7200"  (FIXING!)
Warning : probe  30645  - Wrong "Central 0 Repeat On Failure" , expected:  "60"  got: "1800"  (FIXING!)
Warning : probe  30646  - Wrong "Central 0 Repeat Base" , expected:  "60"  got: "300"  (FIXING!)
Warning : probe  30646  - Wrong "Central 0 Repeat On Success" , expected:  "60"  got: "7200"  (FIXING!)
Warning : probe  30646  - Wrong "Central 0 Repeat On Failure" , expected:  "60"  got: "1800"  (FIXING!)
Warning : probe  30647  - Wrong "Central 0 Repeat Base" , expected:  "60"  got: "300"  (FIXING!)
Warning : probe  30647  - Wrong "Central 0 Repeat On Success" , expected:  "60"  got: "7200"  (FIXING!)
Warning : probe  30647  - Wrong "Central 0 Repeat On Failure" , expected:  "60"  got: "1800"  (FIXING!)
Warning : probe  30648  - Wrong "Central 0 Repeat Base" , expected:  "60"  got: "300"  (FIXING!)
Warning : probe  30648  - Wrong "Central 0 Repeat On Success" , expected:  "60"  got: "7200"  (FIXING!)
Warning : probe  30648  - Wrong "Central 0 Repeat On Failure" , expected:  "60"  got: "1800"  (FIXING!)
Warning : probe  30649  - Wrong "Central 0 Repeat Base" , expected:  "60"  got: "300"  (FIXING!)
Warning : probe  30649  - Wrong "Central 0 Repeat On Success" , expected:  "60"  got: "7200"  (FIXING!)
Warning : probe  30649  - Wrong "Central 0 Repeat On Failure" , expected:  "60"  got: "1800"  (FIXING!)
Warning : probe  30650  - Wrong "Central 0 Repeat Base" , expected:  "60"  got: "300"  (FIXING!)
Warning : probe  30650  - Wrong "Central 0 Repeat On Success" , expected:  "60"  got: "7200"  (FIXING!)
Warning : probe  30650  - Wrong "Central 0 Repeat On Failure" , expected:  "60"  got: "1800"  (FIXING!)
Warning : probe  30651  - Wrong "Central 0 Repeat Base" , expected:  "60"  got: "300"  (FIXING!)
Warning : probe  30651  - Wrong "Central 0 Repeat On Success" , expected:  "60"  got: "7200"  (FIXING!)
Warning : probe  30651  - Wrong "Central 0 Repeat On Failure" , expected:  "60"  got: "1800"  (FIXING!)
Warning : probe  30652  - Wrong "Central 0 Repeat Base" , expected:  "60"  got: "300"  (FIXING!)
Warning : probe  30652  - Wrong "Central 0 Repeat On Success" , expected:  "60"  got: "7200"  (FIXING!)
Warning : probe  30652  - Wrong "Central 0 Repeat On Failure" , expected:  "60"  got: "1800"  (FIXING!)
Warning : probe  30653  - Wrong "Central 0 Repeat Base" , expected:  "60"  got: "300"  (FIXING!)
Warning : probe  30653  - Wrong "Central 0 Repeat On Success" , expected:  "60"  got: "7200"  (FIXING!)
Warning : probe  30653  - Wrong "Central 0 Repeat On Failure" , expected:  "60"  got: "1800"  (FIXING!)
Warning : probe  30655  - Wrong "Central 0 Repeat Base" , expected:  "60"  got: "300"  (FIXING!)
Warning : probe  30655  - Wrong "Central 0 Repeat On Success" , expected:  "60"  got: "7200"  (FIXING!)
Warning : probe  30655  - Wrong "Central 0 Repeat On Failure" , expected:  "60"  got: "1800"  (FIXING!)
Warning : probe  30656  - Wrong "Central 0 Repeat Base" , expected:  "60"  got: "300"  (FIXING!)
Warning : probe  30656  - Wrong "Central 0 Repeat On Success" , expected:  "60"  got: "7200"  (FIXING!)
Warning : probe  30656  - Wrong "Central 0 Repeat On Failure" , expected:  "60"  got: "1800"  (FIXING!)
Warning : probe  30657  - Wrong "Central 0 Repeat Base" , expected:  "60"  got: "300"  (FIXING!)
Warning : probe  30657  - Wrong "Central 0 Repeat On Success" , expected:  "60"  got: "7200"  (FIXING!)
Warning : probe  30657  - Wrong "Central 0 Repeat On Failure" , expected:  "60"  got: "1800"  (FIXING!)
Warning : probe  30658  - Wrong "Central 0 Repeat Base" , expected:  "60"  got: "300"  (FIXING!)
Warning : probe  30658  - Wrong "Central 0 Repeat On Success" , expected:  "60"  got: "7200"  (FIXING!)
Warning : probe  30658  - Wrong "Central 0 Repeat On Failure" , expected:  "60"  got: "1800"  (FIXING!)
Warning : probe  30659  - Wrong "Central 0 Repeat Base" , expected:  "60"  got: "300"  (FIXING!)
Warning : probe  30659  - Wrong "Central 0 Repeat On Success" , expected:  "60"  got: "7200"  (FIXING!)
Warning : probe  30659  - Wrong "Central 0 Repeat On Failure" , expected:  "60"  got: "1800"  (FIXING!)
Warning : probe  30660  - Wrong "Central 0 Repeat Base" , expected:  "60"  got: "300"  (FIXING!)
Warning : probe  30660  - Wrong "Central 0 Repeat On Success" , expected:  "60"  got: "7200"  (FIXING!)
Warning : probe  30660  - Wrong "Central 0 Repeat On Failure" , expected:  "60"  got: "1800"  (FIXING!)
Warning : probe  30661  - Wrong "Central 0 Repeat Base" , expected:  "60"  got: "300"  (FIXING!)
Warning : probe  30661  - Wrong "Central 0 Repeat On Success" , expected:  "60"  got: "7200"  (FIXING!)
Warning : probe  30661  - Wrong "Central 0 Repeat On Failure" , expected:  "60"  got: "1800"  (FIXING!)
Warning : probe  30662  - Wrong "Central 0 Repeat Base" , expected:  "60"  got: "300"  (FIXING!)
Warning : probe  30662  - Wrong "Central 0 Repeat On Success" , expected:  "60"  got: "7200"  (FIXING!)
Warning : probe  30662  - Wrong "Central 0 Repeat On Failure" , expected:  "60"  got: "1800"  (FIXING!)
Warning : probe  30663  - Wrong "Central 0 Repeat Base" , expected:  "60"  got: "300"  (FIXING!)
Warning : probe  30663  - Wrong "Central 0 Repeat On Success" , expected:  "60"  got: "7200"  (FIXING!)
Warning : probe  30663  - Wrong "Central 0 Repeat On Failure" , expected:  "60"  got: "1800"  (FIXING!)
Warning : probe  30664  - Wrong "Central 0 Repeat Base" , expected:  "60"  got: "300"  (FIXING!)
Warning : probe  30664  - Wrong "Central 0 Repeat On Success" , expected:  "60"  got: "7200"  (FIXING!)
Warning : probe  30664  - Wrong "Central 0 Repeat On Failure" , expected:  "60"  got: "1800"  (FIXING!)
Warning : probe  30665  - Wrong "Central 0 Repeat Base" , expected:  "60"  got: "300"  (FIXING!)
Warning : probe  30665  - Wrong "Central 0 Repeat On Success" , expected:  "60"  got: "7200"  (FIXING!)
Warning : probe  30665  - Wrong "Central 0 Repeat On Failure" , expected:  "60"  got: "1800"  (FIXING!)
Info    : --------------------------------------------------------------------------------
Info    : Summary
Info    : --------------------------------------------------------------------------------
Info    : Configuration switches
Info    :     EXPRIVIA_CHECK_TIME_INTERVALS: "ON"
Info    :     EXPRIVIA_CHECK_SERVICE_MODE  : "OFF"
Info    : XML filenames
Info    :     input : "ConfigV1.5.6ExpriviaN.xml"
Info    :     output: "ConfigV1.5.6ExpriviaN.xml"
Info    : Total Envinet configurations (dir/file) processed: 205
Info    :    Skipped because of invalid Envinet Probe Serial (dir name): 0
Info    :    Skipped because of no corresponding Exprivia configuration: 5
Info    :    Failed to parse/handle configuration XML file (please see reason above): 0
Info    :    Fixed (failed parameters check) to corresponding dir/file in 'modified_stations': 200
Info    : Check done.
